This file contains any messages produced by compilers while
running configure, to aid debugging if configure makes a mistake.

It was created by FreeType configure 2.6, which was
generated by GNU Autoconf 2.69.  Invocation command line was

  $ ./configure --prefix=/home/jim/test/lcd/chinese_show/pro/include --host=mipsel-linux LDFLAGS=-L/home/jim/test/lcd/chinese_show/pro/zlib-1.2.3

## --------- ##
## Platform. ##
## --------- ##

hostname = t420
uname -m = x86_64
uname -r = 3.16.0-49-generic
uname -s = Linux
uname -v = #65~14.04.1-Ubuntu SMP Wed Sep 9 10:03:23 UTC 2015

/usr/bin/uname -p = unknown
/bin/uname -X     = unknown

/bin/arch              = unknown
/usr/bin/arch -k       = unknown
/usr/convex/getsysinfo = unknown
/usr/bin/hostinfo      = unknown
/bin/machine           = unknown
/usr/bin/oslevel       = unknown
/bin/universe          = unknown

PATH: /usr/local/sbin
PATH: /usr/local/bin
PATH: /usr/sbin
PATH: /usr/bin
PATH: /sbin
PATH: /bin
PATH: /usr/games
PATH: /usr/local/games
PATH: /opt/mipsel-gcc472-glibc216-mips32/bin


## ----------- ##
## Core tests. ##
## ----------- ##

configure:2537: checking build system type
configure:2551: result: x86_64-unknown-linux-gnu
configure:2571: checking host system type
configure:2584: result: mipsel-unknown-linux-gnu
configure:2616: checking for mipsel-linux-gcc
configure:2632: found /opt/mipsel-gcc472-glibc216-mips32/bin/mipsel-linux-gcc
configure:2643: result: mipsel-linux-gcc
configure:2912: checking for C compiler version
configure:2921: mipsel-linux-gcc --version >&5
mipsel-linux-gcc (Ingenic 2014.05) 4.7.2
Copyright (C) 2012 Free Software Foundation, Inc.
This is free software; see the source for copying conditions.  There is NO
warranty; not even for MERCHANTABILITY or FITNESS FOR A PARTICULAR PURPOSE.

configure:2932: $? = 0
configure:2921: mipsel-linux-gcc -v >&5
Using built-in specs.
COLLECT_GCC=mipsel-linux-gcc
COLLECT_LTO_WRAPPER=/opt/mipsel-gcc472-glibc216-mips32/bin/../libexec/gcc/mips-linux-gnu/4.7.2/lto-wrapper
Target: mips-linux-gnu
Configured with: /home1/llcheng/mips-linux-lite-2012/src/gcc-4.7-2012.09/configure --build=i686-pc-linux-gnu --host=i686-pc-linux-gnu --target=mips-linux-gnu --enable-threads --disable-libmudflap --disable-libssp --disable-libstdcxx-pch --with-arch-32=mips32 --with-float=hard --with-mips-plt --enable-extra-sgxxlite-multilibs --with-gnu-as --with-gnu-ld --with-specs='%{save-temps: -fverbose-asm} -D__CS_SOURCERYGXX_MAJ__=2012 -D__CS_SOURCERYGXX_MIN__=9 -D__CS_SOURCERYGXX_REV__=99 %{O2:%{!fno-remove-local-statics: -fremove-local-statics}} %{O*:%{O|O0|O1|O2|Os:;:%{!fno-remove-local-statics: -fremove-local-statics}}}' --enable-languages=c,c++,fortran --enable-shared --enable-lto --enable-symvers=gnu --enable-__cxa_atexit --with-pkgversion='Ingenic 2014.05' --disable-nls --prefix=/home1/llcheng/mips-linux-lite-2012/install --with-sysroot=/home1/llcheng/mips-linux-lite-2012/install/mips-linux-gnu/libc --with-build-sysroot=/home1/llcheng/mips-linux-lite-2012/install/mips-linux-gnu/libc --with-gmp=/home1/llcheng/mips-linux-lite-2012/obj/pkg-2012.09-99-mips-linux-gnu/mips-2012.09-99-mips-linux-gnu.extras/host-libs-i686-pc-linux-gnu/usr --with-mpfr=/home1/llcheng/mips-linux-lite-2012/obj/pkg-2012.09-99-mips-linux-gnu/mips-2012.09-99-mips-linux-gnu.extras/host-libs-i686-pc-linux-gnu/usr --with-mpc=/home1/llcheng/mips-linux-lite-2012/obj/pkg-2012.09-99-mips-linux-gnu/mips-2012.09-99-mips-linux-gnu.extras/host-libs-i686-pc-linux-gnu/usr --with-ppl=/home1/llcheng/mips-linux-lite-2012/obj/pkg-2012.09-99-mips-linux-gnu/mips-2012.09-99-mips-linux-gnu.extras/host-libs-i686-pc-linux-gnu/usr --with-host-libstdcxx='-static-libgcc -Wl,-Bstatic,-lstdc++,-Bdynamic -lm' --with-cloog=/home1/llcheng/mips-linux-lite-2012/obj/pkg-2012.09-99-mips-linux-gnu/mips-2012.09-99-mips-linux-gnu.extras/host-libs-i686-pc-linux-gnu/usr --with-libelf=/home1/llcheng/mips-linux-lite-2012/obj/pkg-2012.09-99-mips-linux-gnu/mips-2012.09-99-mips-linux-gnu.extras/host-libs-i686-pc-linux-gnu/usr --disable-libgomp --disable-libitm --enable-poison-system-directories --with-build-time-tools=/home1/llcheng/mips-linux-lite-2012/install/mips-linux-gnu/bin
Thread model: posix
gcc version 4.7.2 (Ingenic 2014.05) 
configure:2932: $? = 0
configure:2921: mipsel-linux-gcc -V >&5
mipsel-linux-gcc: error: unrecognized command line option '-V'
mipsel-linux-gcc: fatal error: no input files
compilation terminated.
configure:2932: $? = 1
configure:2921: mipsel-linux-gcc -qversion >&5
mipsel-linux-gcc: error: unrecognized command line option '-qversion'
mipsel-linux-gcc: fatal error: no input files
compilation terminated.
configure:2932: $? = 1
configure:2952: checking whether the C compiler works
configure:2974: mipsel-linux-gcc   -L/home/jim/test/lcd/chinese_show/pro/zlib-1.2.3 conftest.c  >&5
configure:2978: $? = 0
configure:3026: result: yes
configure:3029: checking for C compiler default output file name
configure:3031: result: a.out
configure:3037: checking for suffix of executables
configure:3044: mipsel-linux-gcc -o conftest   -L/home/jim/test/lcd/chinese_show/pro/zlib-1.2.3 conftest.c  >&5
configure:3048: $? = 0
configure:3070: result: 
configure:3092: checking whether we are cross compiling
configure:3100: mipsel-linux-gcc -o conftest   -L/home/jim/test/lcd/chinese_show/pro/zlib-1.2.3 conftest.c  >&5
configure:3104: $? = 0
configure:3111: ./conftest
./conftest: 1: ./conftest: Syntax error: "(" unexpected
configure:3115: $? = 2
configure:3130: result: yes
configure:3135: checking for suffix of object files
configure:3157: mipsel-linux-gcc -c   conftest.c >&5
configure:3161: $? = 0
configure:3182: result: o
configure:3186: checking whether we are using the GNU C compiler
configure:3205: mipsel-linux-gcc -c   conftest.c >&5
configure:3205: $? = 0
configure:3214: result: yes
configure:3223: checking whether mipsel-linux-gcc accepts -g
configure:3243: mipsel-linux-gcc -c -g  conftest.c >&5
configure:3243: $? = 0
configure:3284: result: yes
configure:3301: checking for mipsel-linux-gcc option to accept ISO C89
configure:3364: mipsel-linux-gcc  -c -g -O2  conftest.c >&5
configure:3364: $? = 0
configure:3377: result: none needed
configure:3402: checking how to run the C preprocessor
configure:3433: mipsel-linux-gcc -E  conftest.c
configure:3433: $? = 0
configure:3447: mipsel-linux-gcc -E  conftest.c
conftest.c:9:28: fatal error: ac_nonexistent.h: No such file or directory
compilation terminated.
configure:3447: $? = 1
configure: failed program was:
| /* confdefs.h */
| #define PACKAGE_NAME "FreeType"
| #define PACKAGE_TARNAME "freetype"
| #define PACKAGE_VERSION "2.6"
| #define PACKAGE_STRING "FreeType 2.6"
| #define PACKAGE_BUGREPORT "freetype@nongnu.org"
| #define PACKAGE_URL ""
| /* end confdefs.h.  */
| #include <ac_nonexistent.h>
configure:3472: result: mipsel-linux-gcc -E
configure:3492: mipsel-linux-gcc -E  conftest.c
configure:3492: $? = 0
configure:3506: mipsel-linux-gcc -E  conftest.c
conftest.c:9:28: fatal error: ac_nonexistent.h: No such file or directory
compilation terminated.
configure:3506: $? = 1
configure: failed program was:
| /* confdefs.h */
| #define PACKAGE_NAME "FreeType"
| #define PACKAGE_TARNAME "freetype"
| #define PACKAGE_VERSION "2.6"
| #define PACKAGE_STRING "FreeType 2.6"
| #define PACKAGE_BUGREPORT "freetype@nongnu.org"
| #define PACKAGE_URL ""
| /* end confdefs.h.  */
| #include <ac_nonexistent.h>
configure:3547: checking for mipsel-linux-pkg-config
configure:3580: result: no
configure:3590: checking for pkg-config
configure:3608: found /usr/bin/pkg-config
configure:3620: result: /usr/bin/pkg-config
configure:3632: WARNING: using cross tools not prefixed with host triplet
configure:3645: checking pkg-config is at least version 0.24
configure:3648: result: yes
configure:3703: checking how to print strings
configure:3730: result: printf
configure:3751: checking for a sed that does not truncate output
configure:3815: result: /bin/sed
configure:3833: checking for grep that handles long lines and -e
configure:3891: result: /bin/grep
configure:3896: checking for egrep
configure:3958: result: /bin/grep -E
configure:3963: checking for fgrep
configure:4025: result: /bin/grep -F
configure:4060: checking for ld used by mipsel-linux-gcc
configure:4127: result: /opt/mipsel-gcc472-glibc216-mips32/mips-linux-gnu/bin/ld
configure:4134: checking if the linker (/opt/mipsel-gcc472-glibc216-mips32/mips-linux-gnu/bin/ld) is GNU ld
configure:4149: result: yes
configure:4161: checking for BSD- or MS-compatible name lister (nm)
configure:4215: result: /opt/mipsel-gcc472-glibc216-mips32/bin/mipsel-linux-nm -B
configure:4345: checking the name lister (/opt/mipsel-gcc472-glibc216-mips32/bin/mipsel-linux-nm -B) interface
configure:4352: mipsel-linux-gcc -c -g -O2  conftest.c >&5
configure:4355: /opt/mipsel-gcc472-glibc216-mips32/bin/mipsel-linux-nm -B "conftest.o"
configure:4358: output
00000000 B some_variable
configure:4365: result: BSD nm
configure:4368: checking whether ln -s works
configure:4372: result: yes
configure:4380: checking the maximum length of command line arguments
configure:4511: result: 3458764513820540925
configure:4559: checking how to convert x86_64-unknown-linux-gnu file names to mipsel-unknown-linux-gnu format
configure:4599: result: func_convert_file_noop
configure:4606: checking how to convert x86_64-unknown-linux-gnu file names to toolchain format
configure:4626: result: func_convert_file_noop
configure:4633: checking for /opt/mipsel-gcc472-glibc216-mips32/mips-linux-gnu/bin/ld option to reload object files
configure:4640: result: -r
configure:4674: checking for mipsel-linux-objdump
configure:4690: found /opt/mipsel-gcc472-glibc216-mips32/bin/mipsel-linux-objdump
configure:4701: result: mipsel-linux-objdump
configure:4770: checking how to recognize dependent libraries
configure:4970: result: pass_all
configure:5015: checking for mipsel-linux-dlltool
configure:5045: result: no
configure:5055: checking for dlltool
configure:5085: result: no
configure:5112: checking how to associate runtime and link libraries
configure:5139: result: printf %s\n
configure:5156: checking for mipsel-linux-ar
configure:5172: found /opt/mipsel-gcc472-glibc216-mips32/bin/mipsel-linux-ar
configure:5183: result: mipsel-linux-ar
configure:5264: checking for archiver @FILE support
configure:5281: mipsel-linux-gcc -c -g -O2  conftest.c >&5
configure:5281: $? = 0
configure:5284: mipsel-linux-ar cru libconftest.a @conftest.lst >&5
configure:5287: $? = 0
configure:5292: mipsel-linux-ar cru libconftest.a @conftest.lst >&5
mipsel-linux-ar: conftest.o: No such file or directory
configure:5295: $? = 1
configure:5307: result: @
configure:5325: checking for mipsel-linux-strip
configure:5341: found /opt/mipsel-gcc472-glibc216-mips32/bin/mipsel-linux-strip
configure:5352: result: mipsel-linux-strip
configure:5424: checking for mipsel-linux-ranlib
configure:5440: found /opt/mipsel-gcc472-glibc216-mips32/bin/mipsel-linux-ranlib
configure:5451: result: mipsel-linux-ranlib
configure:5568: checking for gawk
configure:5598: result: no
configure:5568: checking for mawk
configure:5584: found /usr/bin/mawk
configure:5595: result: mawk
configure:5635: checking command to parse /opt/mipsel-gcc472-glibc216-mips32/bin/mipsel-linux-nm -B output from mipsel-linux-gcc object
configure:5788: mipsel-linux-gcc -c -g -O2  conftest.c >&5
configure:5791: $? = 0
configure:5795: /opt/mipsel-gcc472-glibc216-mips32/bin/mipsel-linux-nm -B conftest.o \| sed -n -e 's/^.*[ ]\([ABCDGIRSTW][ABCDGIRSTW]*\)[ ][ ]*\([_A-Za-z][_A-Za-z0-9]*\)$/  /p' | sed '/ __gnu_lto/d' \> conftest.nm
configure:5798: $? = 0
configure:5864: mipsel-linux-gcc -o conftest -g -O2  -L/home/jim/test/lcd/chinese_show/pro/zlib-1.2.3 conftest.c conftstm.o >&5
configure:5867: $? = 0
configure:5905: result: ok
configure:5952: checking for sysroot
configure:5982: result: no
configure:5989: checking for a working dd
configure:6027: result: /bin/dd
configure:6031: checking how to truncate binary pipes
configure:6046: result: /bin/dd bs=4096 count=1
configure:6335: checking for mipsel-linux-mt
configure:6365: result: no
configure:6375: checking for mt
configure:6391: found /bin/mt
configure:6402: result: mt
configure:6425: checking if mt is a manifest tool
configure:6431: mt '-?'
configure:6439: result: no
configure:7112: checking for ANSI C header files
configure:7132: mipsel-linux-gcc -c -g -O2  conftest.c >&5
configure:7132: $? = 0
configure:7216: result: yes
configure:7229: checking for sys/types.h
configure:7229: mipsel-linux-gcc -c -g -O2  conftest.c >&5
configure:7229: $? = 0
configure:7229: result: yes
configure:7229: checking for sys/stat.h
configure:7229: mipsel-linux-gcc -c -g -O2  conftest.c >&5
configure:7229: $? = 0
configure:7229: result: yes
configure:7229: checking for stdlib.h
configure:7229: mipsel-linux-gcc -c -g -O2  conftest.c >&5
configure:7229: $? = 0
configure:7229: result: yes
configure:7229: checking for string.h
configure:7229: mipsel-linux-gcc -c -g -O2  conftest.c >&5
configure:7229: $? = 0
configure:7229: result: yes
configure:7229: checking for memory.h
configure:7229: mipsel-linux-gcc -c -g -O2  conftest.c >&5
configure:7229: $? = 0
configure:7229: result: yes
configure:7229: checking for strings.h
configure:7229: mipsel-linux-gcc -c -g -O2  conftest.c >&5
configure:7229: $? = 0
configure:7229: result: yes
configure:7229: checking for inttypes.h
configure:7229: mipsel-linux-gcc -c -g -O2  conftest.c >&5
configure:7229: $? = 0
configure:7229: result: yes
configure:7229: checking for stdint.h
configure:7229: mipsel-linux-gcc -c -g -O2  conftest.c >&5
configure:7229: $? = 0
configure:7229: result: yes
configure:7229: checking for unistd.h
configure:7229: mipsel-linux-gcc -c -g -O2  conftest.c >&5
configure:7229: $? = 0
configure:7229: result: yes
configure:7243: checking for dlfcn.h
configure:7243: mipsel-linux-gcc -c -g -O2  conftest.c >&5
configure:7243: $? = 0
configure:7243: result: yes
configure:7797: checking for objdir
configure:7812: result: .libs
configure:8072: checking if mipsel-linux-gcc supports -fno-rtti -fno-exceptions
configure:8090: mipsel-linux-gcc -c -g -O2  -fno-rtti -fno-exceptions conftest.c >&5
cc1: warning: command line option '-fno-rtti' is valid for C++/ObjC++ but not for C [enabled by default]
configure:8094: $? = 0
configure:8107: result: no
configure:8465: checking for mipsel-linux-gcc option to produce PIC
configure:8472: result: -fPIC -DPIC
configure:8480: checking if mipsel-linux-gcc PIC flag -fPIC -DPIC works
configure:8498: mipsel-linux-gcc -c -g -O2  -fPIC -DPIC -DPIC conftest.c >&5
configure:8502: $? = 0
configure:8515: result: yes
configure:8544: checking if mipsel-linux-gcc static flag -static works
configure:8572: result: yes
configure:8587: checking if mipsel-linux-gcc supports -c -o file.o
configure:8608: mipsel-linux-gcc -c -g -O2  -o out/conftest2.o conftest.c >&5
configure:8612: $? = 0
configure:8634: result: yes
configure:8642: checking if mipsel-linux-gcc supports -c -o file.o
configure:8689: result: yes
configure:8722: checking whether the mipsel-linux-gcc linker (/opt/mipsel-gcc472-glibc216-mips32/mips-linux-gnu/bin/ld) supports shared libraries
configure:9981: result: yes
configure:10018: checking whether -lc should be explicitly linked in
configure:10026: mipsel-linux-gcc -c -g -O2  conftest.c >&5
configure:10029: $? = 0
configure:10044: mipsel-linux-gcc -shared  -fPIC -DPIC conftest.o  -v -Wl,-soname -Wl,conftest -o conftest 2\>\&1 \| /bin/grep  -lc  \>/dev/null 2\>\&1
configure:10047: $? = 0
configure:10061: result: no
configure:10221: checking dynamic linker characteristics
configure:10802: mipsel-linux-gcc -o conftest -g -O2  -L/home/jim/test/lcd/chinese_show/pro/zlib-1.2.3 -Wl,-rpath -Wl,/foo conftest.c  >&5
configure:10802: $? = 0
configure:11039: result: GNU/Linux ld.so
configure:11161: checking how to hardcode library paths into programs
configure:11186: result: immediate
configure:11734: checking whether stripping libraries is possible
configure:11739: result: yes
configure:11774: checking if libtool supports shared libraries
configure:11776: result: yes
configure:11779: checking whether to build shared libraries
configure:11804: result: yes
configure:11807: checking whether to build static libraries
configure:11811: result: yes
configure:11855: checking for x86_64-unknown-linux-gnu-gcc
configure:11885: result: no
configure:11892: checking for gcc
configure:11908: found /usr/bin/gcc
configure:11919: result: gcc
configure:11929: checking for gcc
configure:11973: result: gcc
configure:11983: checking for suffix of native executables
configure:11997: result: 
configure:12012: checking for rmdir
configure:12028: found /bin/rmdir
configure:12039: result: rmdir
configure:12067: checking for a BSD-compatible install
configure:12135: result: /usr/bin/install -c
configure:12157: checking for ANSI C header files
configure:12261: result: yes
configure:12272: checking fcntl.h usability
configure:12272: mipsel-linux-gcc -c -g -O2  conftest.c >&5
configure:12272: $? = 0
configure:12272: result: yes
configure:12272: checking fcntl.h presence
configure:12272: mipsel-linux-gcc -E  conftest.c
configure:12272: $? = 0
configure:12272: result: yes
configure:12272: checking for fcntl.h
configure:12272: result: yes
configure:12272: checking for unistd.h
configure:12272: result: yes
configure:12286: checking for an ANSI C-conforming const
configure:12352: mipsel-linux-gcc -c -g -O2  conftest.c >&5
configure:12352: $? = 0
configure:12359: result: yes
configure:12371: checking size of int
configure:12376: mipsel-linux-gcc -c -g -O2  conftest.c >&5
configure:12376: $? = 0
configure:12376: mipsel-linux-gcc -c -g -O2  conftest.c >&5
conftest.c: In function 'main':
conftest.c:60:12: error: size of array 'test_array' is negative
configure:12376: $? = 1
configure: failed program was:
| /* confdefs.h */
| #define PACKAGE_NAME "FreeType"
| #define PACKAGE_TARNAME "freetype"
| #define PACKAGE_VERSION "2.6"
| #define PACKAGE_STRING "FreeType 2.6"
| #define PACKAGE_BUGREPORT "freetype@nongnu.org"
| #define PACKAGE_URL ""
| #define STDC_HEADERS 1
| #define HAVE_SYS_TYPES_H 1
| #define HAVE_SYS_STAT_H 1
| #define HAVE_STDLIB_H 1
| #define HAVE_STRING_H 1
| #define HAVE_MEMORY_H 1
| #define HAVE_STRINGS_H 1
| #define HAVE_INTTYPES_H 1
| #define HAVE_STDINT_H 1
| #define HAVE_UNISTD_H 1
| #define HAVE_DLFCN_H 1
| #define LT_OBJDIR ".libs/"
| #define STDC_HEADERS 1
| #define HAVE_FCNTL_H 1
| #define HAVE_UNISTD_H 1
| /* end confdefs.h.  */
| #include <stdio.h>
| #ifdef HAVE_SYS_TYPES_H
| # include <sys/types.h>
| #endif
| #ifdef HAVE_SYS_STAT_H
| # include <sys/stat.h>
| #endif
| #ifdef STDC_HEADERS
| # include <stdlib.h>
| # include <stddef.h>
| #else
| # ifdef HAVE_STDLIB_H
| #  include <stdlib.h>
| # endif
| #endif
| #ifdef HAVE_STRING_H
| # if !defined STDC_HEADERS && defined HAVE_MEMORY_H
| #  include <memory.h>
| # endif
| # include <string.h>
| #endif
| #ifdef HAVE_STRINGS_H
| # include <strings.h>
| #endif
| #ifdef HAVE_INTTYPES_H
| # include <inttypes.h>
| #endif
| #ifdef HAVE_STDINT_H
| # include <stdint.h>
| #endif
| #ifdef HAVE_UNISTD_H
| # include <unistd.h>
| #endif
| int
| main ()
| {
| static int test_array [1 - 2 * !(((long int) (sizeof (int))) <= 0)];
| test_array [0] = 0;
| return test_array [0];
| 
|   ;
|   return 0;
| }
configure:12376: mipsel-linux-gcc -c -g -O2  conftest.c >&5
conftest.c: In function 'main':
conftest.c:60:12: error: size of array 'test_array' is negative
configure:12376: $? = 1
configure: failed program was:
| /* confdefs.h */
| #define PACKAGE_NAME "FreeType"
| #define PACKAGE_TARNAME "freetype"
| #define PACKAGE_VERSION "2.6"
| #define PACKAGE_STRING "FreeType 2.6"
| #define PACKAGE_BUGREPORT "freetype@nongnu.org"
| #define PACKAGE_URL ""
| #define STDC_HEADERS 1
| #define HAVE_SYS_TYPES_H 1
| #define HAVE_SYS_STAT_H 1
| #define HAVE_STDLIB_H 1
| #define HAVE_STRING_H 1
| #define HAVE_MEMORY_H 1
| #define HAVE_STRINGS_H 1
| #define HAVE_INTTYPES_H 1
| #define HAVE_STDINT_H 1
| #define HAVE_UNISTD_H 1
| #define HAVE_DLFCN_H 1
| #define LT_OBJDIR ".libs/"
| #define STDC_HEADERS 1
| #define HAVE_FCNTL_H 1
| #define HAVE_UNISTD_H 1
| /* end confdefs.h.  */
| #include <stdio.h>
| #ifdef HAVE_SYS_TYPES_H
| # include <sys/types.h>
| #endif
| #ifdef HAVE_SYS_STAT_H
| # include <sys/stat.h>
| #endif
| #ifdef STDC_HEADERS
| # include <stdlib.h>
| # include <stddef.h>
| #else
| # ifdef HAVE_STDLIB_H
| #  include <stdlib.h>
| # endif
| #endif
| #ifdef HAVE_STRING_H
| # if !defined STDC_HEADERS && defined HAVE_MEMORY_H
| #  include <memory.h>
| # endif
| # include <string.h>
| #endif
| #ifdef HAVE_STRINGS_H
| # include <strings.h>
| #endif
| #ifdef HAVE_INTTYPES_H
| # include <inttypes.h>
| #endif
| #ifdef HAVE_STDINT_H
| # include <stdint.h>
| #endif
| #ifdef HAVE_UNISTD_H
| # include <unistd.h>
| #endif
| int
| main ()
| {
| static int test_array [1 - 2 * !(((long int) (sizeof (int))) <= 1)];
| test_array [0] = 0;
| return test_array [0];
| 
|   ;
|   return 0;
| }
configure:12376: mipsel-linux-gcc -c -g -O2  conftest.c >&5
conftest.c: In function 'main':
conftest.c:60:12: error: size of array 'test_array' is negative
configure:12376: $? = 1
configure: failed program was:
| /* confdefs.h */
| #define PACKAGE_NAME "FreeType"
| #define PACKAGE_TARNAME "freetype"
| #define PACKAGE_VERSION "2.6"
| #define PACKAGE_STRING "FreeType 2.6"
| #define PACKAGE_BUGREPORT "freetype@nongnu.org"
| #define PACKAGE_URL ""
| #define STDC_HEADERS 1
| #define HAVE_SYS_TYPES_H 1
| #define HAVE_SYS_STAT_H 1
| #define HAVE_STDLIB_H 1
| #define HAVE_STRING_H 1
| #define HAVE_MEMORY_H 1
| #define HAVE_STRINGS_H 1
| #define HAVE_INTTYPES_H 1
| #define HAVE_STDINT_H 1
| #define HAVE_UNISTD_H 1
| #define HAVE_DLFCN_H 1
| #define LT_OBJDIR ".libs/"
| #define STDC_HEADERS 1
| #define HAVE_FCNTL_H 1
| #define HAVE_UNISTD_H 1
| /* end confdefs.h.  */
| #include <stdio.h>
| #ifdef HAVE_SYS_TYPES_H
| # include <sys/types.h>
| #endif
| #ifdef HAVE_SYS_STAT_H
| # include <sys/stat.h>
| #endif
| #ifdef STDC_HEADERS
| # include <stdlib.h>
| # include <stddef.h>
| #else
| # ifdef HAVE_STDLIB_H
| #  include <stdlib.h>
| # endif
| #endif
| #ifdef HAVE_STRING_H
| # if !defined STDC_HEADERS && defined HAVE_MEMORY_H
| #  include <memory.h>
| # endif
| # include <string.h>
| #endif
| #ifdef HAVE_STRINGS_H
| # include <strings.h>
| #endif
| #ifdef HAVE_INTTYPES_H
| # include <inttypes.h>
| #endif
| #ifdef HAVE_STDINT_H
| # include <stdint.h>
| #endif
| #ifdef HAVE_UNISTD_H
| # include <unistd.h>
| #endif
| int
| main ()
| {
| static int test_array [1 - 2 * !(((long int) (sizeof (int))) <= 3)];
| test_array [0] = 0;
| return test_array [0];
| 
|   ;
|   return 0;
| }
configure:12376: mipsel-linux-gcc -c -g -O2  conftest.c >&5
configure:12376: $? = 0
configure:12376: mipsel-linux-gcc -c -g -O2  conftest.c >&5
configure:12376: $? = 0
configure:12376: mipsel-linux-gcc -c -g -O2  conftest.c >&5
configure:12376: $? = 0
configure:12390: result: 4
configure:12404: checking size of long
configure:12409: mipsel-linux-gcc -c -g -O2  conftest.c >&5
configure:12409: $? = 0
configure:12409: mipsel-linux-gcc -c -g -O2  conftest.c >&5
conftest.c: In function 'main':
conftest.c:61:12: error: size of array 'test_array' is negative
configure:12409: $? = 1
configure: failed program was:
| /* confdefs.h */
| #define PACKAGE_NAME "FreeType"
| #define PACKAGE_TARNAME "freetype"
| #define PACKAGE_VERSION "2.6"
| #define PACKAGE_STRING "FreeType 2.6"
| #define PACKAGE_BUGREPORT "freetype@nongnu.org"
| #define PACKAGE_URL ""
| #define STDC_HEADERS 1
| #define HAVE_SYS_TYPES_H 1
| #define HAVE_SYS_STAT_H 1
| #define HAVE_STDLIB_H 1
| #define HAVE_STRING_H 1
| #define HAVE_MEMORY_H 1
| #define HAVE_STRINGS_H 1
| #define HAVE_INTTYPES_H 1
| #define HAVE_STDINT_H 1
| #define HAVE_UNISTD_H 1
| #define HAVE_DLFCN_H 1
| #define LT_OBJDIR ".libs/"
| #define STDC_HEADERS 1
| #define HAVE_FCNTL_H 1
| #define HAVE_UNISTD_H 1
| #define SIZEOF_INT 4
| /* end confdefs.h.  */
| #include <stdio.h>
| #ifdef HAVE_SYS_TYPES_H
| # include <sys/types.h>
| #endif
| #ifdef HAVE_SYS_STAT_H
| # include <sys/stat.h>
| #endif
| #ifdef STDC_HEADERS
| # include <stdlib.h>
| # include <stddef.h>
| #else
| # ifdef HAVE_STDLIB_H
| #  include <stdlib.h>
| # endif
| #endif
| #ifdef HAVE_STRING_H
| # if !defined STDC_HEADERS && defined HAVE_MEMORY_H
| #  include <memory.h>
| # endif
| # include <string.h>
| #endif
| #ifdef HAVE_STRINGS_H
| # include <strings.h>
| #endif
| #ifdef HAVE_INTTYPES_H
| # include <inttypes.h>
| #endif
| #ifdef HAVE_STDINT_H
| # include <stdint.h>
| #endif
| #ifdef HAVE_UNISTD_H
| # include <unistd.h>
| #endif
| int
| main ()
| {
| static int test_array [1 - 2 * !(((long int) (sizeof (long))) <= 0)];
| test_array [0] = 0;
| return test_array [0];
| 
|   ;
|   return 0;
| }
configure:12409: mipsel-linux-gcc -c -g -O2  conftest.c >&5
conftest.c: In function 'main':
conftest.c:61:12: error: size of array 'test_array' is negative
configure:12409: $? = 1
configure: failed program was:
| /* confdefs.h */
| #define PACKAGE_NAME "FreeType"
| #define PACKAGE_TARNAME "freetype"
| #define PACKAGE_VERSION "2.6"
| #define PACKAGE_STRING "FreeType 2.6"
| #define PACKAGE_BUGREPORT "freetype@nongnu.org"
| #define PACKAGE_URL ""
| #define STDC_HEADERS 1
| #define HAVE_SYS_TYPES_H 1
| #define HAVE_SYS_STAT_H 1
| #define HAVE_STDLIB_H 1
| #define HAVE_STRING_H 1
| #define HAVE_MEMORY_H 1
| #define HAVE_STRINGS_H 1
| #define HAVE_INTTYPES_H 1
| #define HAVE_STDINT_H 1
| #define HAVE_UNISTD_H 1
| #define HAVE_DLFCN_H 1
| #define LT_OBJDIR ".libs/"
| #define STDC_HEADERS 1
| #define HAVE_FCNTL_H 1
| #define HAVE_UNISTD_H 1
| #define SIZEOF_INT 4
| /* end confdefs.h.  */
| #include <stdio.h>
| #ifdef HAVE_SYS_TYPES_H
| # include <sys/types.h>
| #endif
| #ifdef HAVE_SYS_STAT_H
| # include <sys/stat.h>
| #endif
| #ifdef STDC_HEADERS
| # include <stdlib.h>
| # include <stddef.h>
| #else
| # ifdef HAVE_STDLIB_H
| #  include <stdlib.h>
| # endif
| #endif
| #ifdef HAVE_STRING_H
| # if !defined STDC_HEADERS && defined HAVE_MEMORY_H
| #  include <memory.h>
| # endif
| # include <string.h>
| #endif
| #ifdef HAVE_STRINGS_H
| # include <strings.h>
| #endif
| #ifdef HAVE_INTTYPES_H
| # include <inttypes.h>
| #endif
| #ifdef HAVE_STDINT_H
| # include <stdint.h>
| #endif
| #ifdef HAVE_UNISTD_H
| # include <unistd.h>
| #endif
| int
| main ()
| {
| static int test_array [1 - 2 * !(((long int) (sizeof (long))) <= 1)];
| test_array [0] = 0;
| return test_array [0];
| 
|   ;
|   return 0;
| }
configure:12409: mipsel-linux-gcc -c -g -O2  conftest.c >&5
conftest.c: In function 'main':
conftest.c:61:12: error: size of array 'test_array' is negative
configure:12409: $? = 1
configure: failed program was:
| /* confdefs.h */
| #define PACKAGE_NAME "FreeType"
| #define PACKAGE_TARNAME "freetype"
| #define PACKAGE_VERSION "2.6"
| #define PACKAGE_STRING "FreeType 2.6"
| #define PACKAGE_BUGREPORT "freetype@nongnu.org"
| #define PACKAGE_URL ""
| #define STDC_HEADERS 1
| #define HAVE_SYS_TYPES_H 1
| #define HAVE_SYS_STAT_H 1
| #define HAVE_STDLIB_H 1
| #define HAVE_STRING_H 1
| #define HAVE_MEMORY_H 1
| #define HAVE_STRINGS_H 1
| #define HAVE_INTTYPES_H 1
| #define HAVE_STDINT_H 1
| #define HAVE_UNISTD_H 1
| #define HAVE_DLFCN_H 1
| #define LT_OBJDIR ".libs/"
| #define STDC_HEADERS 1
| #define HAVE_FCNTL_H 1
| #define HAVE_UNISTD_H 1
| #define SIZEOF_INT 4
| /* end confdefs.h.  */
| #include <stdio.h>
| #ifdef HAVE_SYS_TYPES_H
| # include <sys/types.h>
| #endif
| #ifdef HAVE_SYS_STAT_H
| # include <sys/stat.h>
| #endif
| #ifdef STDC_HEADERS
| # include <stdlib.h>
| # include <stddef.h>
| #else
| # ifdef HAVE_STDLIB_H
| #  include <stdlib.h>
| # endif
| #endif
| #ifdef HAVE_STRING_H
| # if !defined STDC_HEADERS && defined HAVE_MEMORY_H
| #  include <memory.h>
| # endif
| # include <string.h>
| #endif
| #ifdef HAVE_STRINGS_H
| # include <strings.h>
| #endif
| #ifdef HAVE_INTTYPES_H
| # include <inttypes.h>
| #endif
| #ifdef HAVE_STDINT_H
| # include <stdint.h>
| #endif
| #ifdef HAVE_UNISTD_H
| # include <unistd.h>
| #endif
| int
| main ()
| {
| static int test_array [1 - 2 * !(((long int) (sizeof (long))) <= 3)];
| test_array [0] = 0;
| return test_array [0];
| 
|   ;
|   return 0;
| }
configure:12409: mipsel-linux-gcc -c -g -O2  conftest.c >&5
configure:12409: $? = 0
configure:12409: mipsel-linux-gcc -c -g -O2  conftest.c >&5
configure:12409: $? = 0
configure:12409: mipsel-linux-gcc -c -g -O2  conftest.c >&5
configure:12409: $? = 0
configure:12423: result: 4
configure:12437: checking whether cpp computation of bit length in ftconfig.in works
configure:12494: result: yes
configure:12532: checking for stdlib.h
configure:12532: result: yes
configure:12532: checking for unistd.h
configure:12532: result: yes
configure:12532: checking for sys/param.h
configure:12532: mipsel-linux-gcc -c -g -O2  conftest.c >&5
configure:12532: $? = 0
configure:12532: result: yes
configure:12552: checking for getpagesize
configure:12552: mipsel-linux-gcc -o conftest -g -O2  -L/home/jim/test/lcd/chinese_show/pro/zlib-1.2.3 conftest.c  >&5
configure:12552: $? = 0
configure:12552: result: yes
configure:12561: checking for working mmap
configure:12718: result: no
configure:12786: checking for memcpy
configure:12786: mipsel-linux-gcc -o conftest -g -O2  -L/home/jim/test/lcd/chinese_show/pro/zlib-1.2.3 conftest.c  >&5
conftest.c:53:6: warning: conflicting types for built-in function 'memcpy' [enabled by default]
configure:12786: $? = 0
configure:12786: result: yes
configure:12786: checking for memmove
configure:12786: mipsel-linux-gcc -o conftest -g -O2  -L/home/jim/test/lcd/chinese_show/pro/zlib-1.2.3 conftest.c  >&5
conftest.c:54:6: warning: conflicting types for built-in function 'memmove' [enabled by default]
configure:12786: $? = 0
configure:12786: result: yes
configure:12835: checking gcc compiler flag -pedantic to assure ANSI C works correctly
configure:12862: mipsel-linux-gcc -c -g -O2  -pedantic  conftest.c >&5
configure:12862: $? = 0
configure:12863: result: ok, add it to XX_ANSIFLAGS
configure:12835: checking gcc compiler flag -ansi to assure ANSI C works correctly
configure:12862: mipsel-linux-gcc -c -g -O2  -pedantic -ansi  conftest.c >&5
configure:12862: $? = 0
configure:12863: result: ok, add it to XX_ANSIFLAGS
configure:12927: $PKG_CONFIG --exists --print-errors "$zlib_pkg"
configure:12930: $? = 0
configure:12937: checking for ZLIB
configure:12944: $PKG_CONFIG --exists --print-errors "$zlib_pkg"
configure:12947: $? = 0
configure:12961: $PKG_CONFIG --exists --print-errors "$zlib_pkg"
configure:12964: $? = 0
configure:13002: result: yes
configure:13097: $PKG_CONFIG --exists --print-errors "$bzip2_pkg"
Package bzip2 was not found in the pkg-config search path.
Perhaps you should add the directory containing `bzip2.pc'
to the PKG_CONFIG_PATH environment variable
No package 'bzip2' found
configure:13100: $? = 1
configure:13107: checking for BZIP2
configure:13114: $PKG_CONFIG --exists --print-errors "$bzip2_pkg"
Package bzip2 was not found in the pkg-config search path.
Perhaps you should add the directory containing `bzip2.pc'
to the PKG_CONFIG_PATH environment variable
No package 'bzip2' found
configure:13117: $? = 1
configure:13131: $PKG_CONFIG --exists --print-errors "$bzip2_pkg"
Package bzip2 was not found in the pkg-config search path.
Perhaps you should add the directory containing `bzip2.pc'
to the PKG_CONFIG_PATH environment variable
No package 'bzip2' found
configure:13134: $? = 1
configure:13148: result: no
No package 'bzip2' found
configure:13192: checking for BZ2_bzDecompress in -lbz2
configure:13217: mipsel-linux-gcc -o conftest -g -O2  -L/home/jim/test/lcd/chinese_show/pro/zlib-1.2.3 conftest.c -lbz2   >&5
/opt/mipsel-gcc472-glibc216-mips32/bin/../lib/gcc/mips-linux-gnu/4.7.2/../../../../mips-linux-gnu/bin/ld: cannot find -lbz2
collect2: error: ld returned 1 exit status
configure:13217: $? = 1
configure: failed program was:
| /* confdefs.h */
| #define PACKAGE_NAME "FreeType"
| #define PACKAGE_TARNAME "freetype"
| #define PACKAGE_VERSION "2.6"
| #define PACKAGE_STRING "FreeType 2.6"
| #define PACKAGE_BUGREPORT "freetype@nongnu.org"
| #define PACKAGE_URL ""
| #define STDC_HEADERS 1
| #define HAVE_SYS_TYPES_H 1
| #define HAVE_SYS_STAT_H 1
| #define HAVE_STDLIB_H 1
| #define HAVE_STRING_H 1
| #define HAVE_MEMORY_H 1
| #define HAVE_STRINGS_H 1
| #define HAVE_INTTYPES_H 1
| #define HAVE_STDINT_H 1
| #define HAVE_UNISTD_H 1
| #define HAVE_DLFCN_H 1
| #define LT_OBJDIR ".libs/"
| #define STDC_HEADERS 1
| #define HAVE_FCNTL_H 1
| #define HAVE_UNISTD_H 1
| #define SIZEOF_INT 4
| #define SIZEOF_LONG 4
| #define HAVE_STDLIB_H 1
| #define HAVE_UNISTD_H 1
| #define HAVE_SYS_PARAM_H 1
| #define HAVE_GETPAGESIZE 1
| #define HAVE_MEMCPY 1
| #define HAVE_MEMMOVE 1
| /* end confdefs.h.  */
| 
| /* Override any GCC internal prototype to avoid an error.
|    Use char because int might match the return type of a GCC
|    builtin and then its argument prototype would still apply.  */
| #ifdef __cplusplus
| extern "C"
| #endif
| char BZ2_bzDecompress ();
| int
| main ()
| {
| return BZ2_bzDecompress ();
|   ;
|   return 0;
| }
configure:13226: result: no
configure:13267: $PKG_CONFIG --exists --print-errors "$libpng_pkg"
configure:13270: $? = 0
configure:13277: checking for LIBPNG
configure:13284: $PKG_CONFIG --exists --print-errors "$libpng_pkg"
configure:13287: $? = 0
configure:13301: $PKG_CONFIG --exists --print-errors "$libpng_pkg"
configure:13304: $? = 0
configure:13342: result: yes
configure:13403: $PKG_CONFIG --exists --print-errors "$harfbuzz_pkg"
Package harfbuzz was not found in the pkg-config search path.
Perhaps you should add the directory containing `harfbuzz.pc'
to the PKG_CONFIG_PATH environment variable
No package 'harfbuzz' found
configure:13406: $? = 1
configure:13413: checking for HARFBUZZ
configure:13420: $PKG_CONFIG --exists --print-errors "$harfbuzz_pkg"
Package harfbuzz was not found in the pkg-config search path.
Perhaps you should add the directory containing `harfbuzz.pc'
to the PKG_CONFIG_PATH environment variable
No package 'harfbuzz' found
configure:13423: $? = 1
configure:13437: $PKG_CONFIG --exists --print-errors "$harfbuzz_pkg"
Package harfbuzz was not found in the pkg-config search path.
Perhaps you should add the directory containing `harfbuzz.pc'
to the PKG_CONFIG_PATH environment variable
No package 'harfbuzz' found
configure:13440: $? = 1
configure:13454: result: no
No package 'harfbuzz' found
configure:14295: creating ./config.status

## ---------------------- ##
## Running config.status. ##
## ---------------------- ##

This file was extended by FreeType config.status 2.6, which was
generated by GNU Autoconf 2.69.  Invocation command line was

  CONFIG_FILES    = 
  CONFIG_HEADERS  = 
  CONFIG_LINKS    = 
  CONFIG_COMMANDS = 
  $ ./config.status 

on t420

config.status:15530: creating unix-cc.mk
config.status:15530: creating unix-def.mk
config.status:15530: creating ftconfig.h
config.status:15717: executing libtool commands
configure:16312:

Library configuration:
  external zlib: yes (pkg-config)
  bzip2:         no
  libpng:        yes (pkg-config)
  harfbuzz:      no


## ---------------- ##
## Cache variables. ##
## ---------------- ##

ac_cv_build='x86_64-unknown-linux-gnu'
ac_cv_c_compiler_gnu='yes'
ac_cv_c_const='yes'
ac_cv_env_BZIP2_CFLAGS_set=''
ac_cv_env_BZIP2_CFLAGS_value=''
ac_cv_env_BZIP2_LIBS_set=''
ac_cv_env_BZIP2_LIBS_value=''
ac_cv_env_CC_set=''
ac_cv_env_CC_value=''
ac_cv_env_CFLAGS_set=''
ac_cv_env_CFLAGS_value=''
ac_cv_env_CPPFLAGS_set=''
ac_cv_env_CPPFLAGS_value=''
ac_cv_env_CPP_set=''
ac_cv_env_CPP_value=''
ac_cv_env_HARFBUZZ_CFLAGS_set=''
ac_cv_env_HARFBUZZ_CFLAGS_value=''
ac_cv_env_HARFBUZZ_LIBS_set=''
ac_cv_env_HARFBUZZ_LIBS_value=''
ac_cv_env_LDFLAGS_set='set'
ac_cv_env_LDFLAGS_value='-L/home/jim/test/lcd/chinese_show/pro/zlib-1.2.3'
ac_cv_env_LIBPNG_CFLAGS_set=''
ac_cv_env_LIBPNG_CFLAGS_value=''
ac_cv_env_LIBPNG_LIBS_set=''
ac_cv_env_LIBPNG_LIBS_value=''
ac_cv_env_LIBS_set=''
ac_cv_env_LIBS_value=''
ac_cv_env_LT_SYS_LIBRARY_PATH_set=''
ac_cv_env_LT_SYS_LIBRARY_PATH_value=''
ac_cv_env_PKG_CONFIG_LIBDIR_set=''
ac_cv_env_PKG_CONFIG_LIBDIR_value=''
ac_cv_env_PKG_CONFIG_PATH_set=''
ac_cv_env_PKG_CONFIG_PATH_value=''
ac_cv_env_PKG_CONFIG_set=''
ac_cv_env_PKG_CONFIG_value=''
ac_cv_env_ZLIB_CFLAGS_set=''
ac_cv_env_ZLIB_CFLAGS_value=''
ac_cv_env_ZLIB_LIBS_set=''
ac_cv_env_ZLIB_LIBS_value=''
ac_cv_env_build_alias_set=''
ac_cv_env_build_alias_value=''
ac_cv_env_host_alias_set='set'
ac_cv_env_host_alias_value='mipsel-linux'
ac_cv_env_target_alias_set=''
ac_cv_env_target_alias_value=''
ac_cv_func_getpagesize='yes'
ac_cv_func_memcpy='yes'
ac_cv_func_memmove='yes'
ac_cv_func_mmap_fixed_mapped='no'
ac_cv_header_dlfcn_h='yes'
ac_cv_header_fcntl_h='yes'
ac_cv_header_inttypes_h='yes'
ac_cv_header_memory_h='yes'
ac_cv_header_stdc='yes'
ac_cv_header_stdint_h='yes'
ac_cv_header_stdlib_h='yes'
ac_cv_header_string_h='yes'
ac_cv_header_strings_h='yes'
ac_cv_header_sys_param_h='yes'
ac_cv_header_sys_stat_h='yes'
ac_cv_header_sys_types_h='yes'
ac_cv_header_unistd_h='yes'
ac_cv_host='mipsel-unknown-linux-gnu'
ac_cv_lib_bz2_BZ2_bzDecompress='no'
ac_cv_objext='o'
ac_cv_path_EGREP='/bin/grep -E'
ac_cv_path_FGREP='/bin/grep -F'
ac_cv_path_GREP='/bin/grep'
ac_cv_path_SED='/bin/sed'
ac_cv_path_ac_pt_PKG_CONFIG='/usr/bin/pkg-config'
ac_cv_path_install='/usr/bin/install -c'
ac_cv_path_lt_DD='/bin/dd'
ac_cv_prog_AR='mipsel-linux-ar'
ac_cv_prog_AWK='mawk'
ac_cv_prog_CC='mipsel-linux-gcc'
ac_cv_prog_CC_BUILD='gcc'
ac_cv_prog_CPP='mipsel-linux-gcc -E'
ac_cv_prog_OBJDUMP='mipsel-linux-objdump'
ac_cv_prog_RANLIB='mipsel-linux-ranlib'
ac_cv_prog_RMDIR='rmdir'
ac_cv_prog_STRIP='mipsel-linux-strip'
ac_cv_prog_ac_ct_MANIFEST_TOOL='mt'
ac_cv_prog_cc_c89=''
ac_cv_prog_cc_g='yes'
ac_cv_sizeof_int='4'
ac_cv_sizeof_long='4'
lt_cv_ar_at_file='@'
lt_cv_archive_cmds_need_lc='no'
lt_cv_deplibs_check_method='pass_all'
lt_cv_file_magic_cmd='$MAGIC_CMD'
lt_cv_file_magic_test_file=''
lt_cv_ld_reload_flag='-r'
lt_cv_nm_interface='BSD nm'
lt_cv_objdir='.libs'
lt_cv_path_LD='/opt/mipsel-gcc472-glibc216-mips32/mips-linux-gnu/bin/ld'
lt_cv_path_NM='/opt/mipsel-gcc472-glibc216-mips32/bin/mipsel-linux-nm -B'
lt_cv_path_mainfest_tool='no'
lt_cv_prog_compiler_c_o='yes'
lt_cv_prog_compiler_pic='-fPIC -DPIC'
lt_cv_prog_compiler_pic_works='yes'
lt_cv_prog_compiler_rtti_exceptions='no'
lt_cv_prog_compiler_static_works='yes'
lt_cv_prog_gnu_ld='yes'
lt_cv_sharedlib_from_linklib_cmd='printf %s\n'
lt_cv_shlibpath_overrides_runpath='no'
lt_cv_sys_global_symbol_pipe='sed -n -e '"'"'s/^.*[	 ]\([ABCDGIRSTW][ABCDGIRSTW]*\)[	 ][	 ]*\([_A-Za-z][_A-Za-z0-9]*\)$/\1 \2 \2/p'"'"' | sed '"'"'/ __gnu_lto/d'"'"
lt_cv_sys_global_symbol_to_c_name_address='sed -n -e '"'"'s/^: \(.*\) .*$/  {"\1", (void *) 0},/p'"'"' -e '"'"'s/^[ABCDGIRSTW][ABCDGIRSTW]* .* \(.*\)$/  {"\1", (void *) \&\1},/p'"'"
lt_cv_sys_global_symbol_to_c_name_address_lib_prefix='sed -n -e '"'"'s/^: \(.*\) .*$/  {"\1", (void *) 0},/p'"'"' -e '"'"'s/^[ABCDGIRSTW][ABCDGIRSTW]* .* \(lib.*\)$/  {"\1", (void *) \&\1},/p'"'"' -e '"'"'s/^[ABCDGIRSTW][ABCDGIRSTW]* .* \(.*\)$/  {"lib\1", (void *) \&\1},/p'"'"
lt_cv_sys_global_symbol_to_cdecl='sed -n -e '"'"'s/^T .* \(.*\)$/extern int \1();/p'"'"' -e '"'"'s/^[ABCDGIRSTW][ABCDGIRSTW]* .* \(.*\)$/extern char \1;/p'"'"
lt_cv_sys_global_symbol_to_import=''
lt_cv_sys_max_cmd_len='3458764513820540925'
lt_cv_to_host_file_cmd='func_convert_file_noop'
lt_cv_to_tool_file_cmd='func_convert_file_noop'
lt_cv_truncate_bin='/bin/dd bs=4096 count=1'
pkg_cv_LIBPNG_CFLAGS='-I/usr/include/libpng12  '
pkg_cv_LIBPNG_LIBS='-lpng12  '
pkg_cv_ZLIB_CFLAGS=' '
pkg_cv_ZLIB_LIBS='-lz  '

## ----------------- ##
## Output variables. ##
## ----------------- ##

AR='mipsel-linux-ar'
AS='as'
AWK='mawk'
BZIP2_CFLAGS=''
BZIP2_LIBS=''
CC='mipsel-linux-gcc'
CC_BUILD='gcc'
CFLAGS='-g -O2   -DFT_CONFIG_OPTION_SYSTEM_ZLIB -I/usr/include/libpng12   -DFT_CONFIG_OPTION_USE_PNG'
CPP='mipsel-linux-gcc -E'
CPPFLAGS=''
DEFS='-DHAVE_CONFIG_H'
DLLTOOL='false'
DSYMUTIL=''
DUMPBIN=''
ECHO_C=''
ECHO_N='-n'
ECHO_T=''
EGREP='/bin/grep -E'
EXEEXT=''
EXEEXT_BUILD=''
FGREP='/bin/grep -F'
FTSYS_SRC='$(BASE_DIR)/ftsystem.c'
GREP='/bin/grep'
HARFBUZZ_CFLAGS=''
HARFBUZZ_LIBS=''
INSTALL_DATA='${INSTALL} -m 644'
INSTALL_PROGRAM='${INSTALL}'
INSTALL_SCRIPT='${INSTALL}'
LD='/opt/mipsel-gcc472-glibc216-mips32/mips-linux-gnu/bin/ld'
LDFLAGS='-L/home/jim/test/lcd/chinese_show/pro/zlib-1.2.3 -lz   -lpng12  '
LIBOBJS=''
LIBPNG_CFLAGS='-I/usr/include/libpng12  '
LIBPNG_LIBS='-lpng12  '
LIBS=''
LIBSSTATIC_CONFIG='-lfreetype -lz -lpng12 -lz -lm'
LIBS_PRIVATE=''
LIBTOOL='$(SHELL) $(top_builddir)/libtool'
LIPO=''
LN_S='ln -s'
LTLIBOBJS=''
LT_SYS_LIBRARY_PATH=''
MANIFEST_TOOL=':'
NM='/opt/mipsel-gcc472-glibc216-mips32/bin/mipsel-linux-nm -B'
NMEDIT=''
OBJDUMP='mipsel-linux-objdump'
OBJEXT='o'
OTOOL64=''
OTOOL=''
PACKAGE_BUGREPORT='freetype@nongnu.org'
PACKAGE_NAME='FreeType'
PACKAGE_STRING='FreeType 2.6'
PACKAGE_TARNAME='freetype'
PACKAGE_URL=''
PACKAGE_VERSION='2.6'
PATH_SEPARATOR=':'
PKG_CONFIG='/usr/bin/pkg-config'
PKG_CONFIG_LIBDIR=''
PKG_CONFIG_PATH=''
RANLIB='mipsel-linux-ranlib'
REQUIRES_PRIVATE='zlib, libpng'
RMDIR='rmdir'
SED='/bin/sed'
SHELL='/bin/sh'
STRIP='mipsel-linux-strip'
XX_ANSIFLAGS=' -pedantic -ansi'
XX_CFLAGS='-Wall'
ZLIB_CFLAGS=' '
ZLIB_LIBS='-lz  '
ac_ct_AR=''
ac_ct_CC=''
ac_ct_DUMPBIN=''
bindir='${exec_prefix}/bin'
build='x86_64-unknown-linux-gnu'
build_alias=''
build_cpu='x86_64'
build_libtool_libs=''
build_os='linux-gnu'
build_vendor='unknown'
datadir='${datarootdir}'
datarootdir='${prefix}/share'
docdir='${datarootdir}/doc/${PACKAGE_TARNAME}'
dvidir='${docdir}'
exec_prefix='${prefix}'
ft_version='18.0.12'
ftmac_c=''
hardcode_libdir_flag_spec='$wl-rpath $wl$libdir'
host='mipsel-unknown-linux-gnu'
host_alias='mipsel-linux'
host_cpu='mipsel'
host_os='linux-gnu'
host_vendor='unknown'
htmldir='${docdir}'
includedir='${prefix}/include'
infodir='${datarootdir}/info'
libdir='${exec_prefix}/lib'
libexecdir='${exec_prefix}/libexec'
localedir='${datarootdir}/locale'
localstatedir='${prefix}/var'
mandir='${datarootdir}/man'
oldincludedir='/usr/include'
pdfdir='${docdir}'
prefix='/home/jim/test/lcd/chinese_show/pro/include'
program_transform_name='s,x,x,'
psdir='${docdir}'
sbindir='${exec_prefix}/sbin'
sharedstatedir='${prefix}/com'
sysconfdir='${prefix}/etc'
target_alias=''
version_info='18:0:12'
wl='-Wl,'

## ----------- ##
## confdefs.h. ##
## ----------- ##

/* confdefs.h */
#define PACKAGE_NAME "FreeType"
#define PACKAGE_TARNAME "freetype"
#define PACKAGE_VERSION "2.6"
#define PACKAGE_STRING "FreeType 2.6"
#define PACKAGE_BUGREPORT "freetype@nongnu.org"
#define PACKAGE_URL ""
#define STDC_HEADERS 1
#define HAVE_SYS_TYPES_H 1
#define HAVE_SYS_STAT_H 1
#define HAVE_STDLIB_H 1
#define HAVE_STRING_H 1
#define HAVE_MEMORY_H 1
#define HAVE_STRINGS_H 1
#define HAVE_INTTYPES_H 1
#define HAVE_STDINT_H 1
#define HAVE_UNISTD_H 1
#define HAVE_DLFCN_H 1
#define LT_OBJDIR ".libs/"
#define STDC_HEADERS 1
#define HAVE_FCNTL_H 1
#define HAVE_UNISTD_H 1
#define SIZEOF_INT 4
#define SIZEOF_LONG 4
#define HAVE_STDLIB_H 1
#define HAVE_UNISTD_H 1
#define HAVE_SYS_PARAM_H 1
#define HAVE_GETPAGESIZE 1
#define HAVE_MEMCPY 1
#define HAVE_MEMMOVE 1

configure: exit 0
